{"/Users/nhatnguyen/code/ABC/basic-crypto/apps/api/src/app.module.ts": {"path":"/Users/nhatnguyen/code/ABC/basic-crypto/apps/api/src/app.module.ts","statementMap":{"0":{"start":{"line":1,"column":0},"end":{"line":1,"column":40}},"1":{"start":{"line":2,"column":0},"end":{"line":2,"column":54}},"2":{"start":{"line":3,"column":0},"end":{"line":3,"column":51}},"3":{"start":{"line":4,"column":0},"end":{"line":4,"column":51}},"4":{"start":{"line":5,"column":0},"end":{"line":5,"column":48}},"5":{"start":{"line":12,"column":7},"end":{"line":12,"column":null}},"6":{"start":{"line":12,"column":13},"end":{"line":12,"column":22}},"7":{"start":{"line":12,"column":13},"end":{"line":12,"column":null}}},"fnMap":{},"branchMap":{},"s":{"0":0,"1":0,"2":0,"3":0,"4":0,"5":0,"6":0,"7":0},"f":{},"b":{}}
,"/Users/nhatnguyen/code/ABC/basic-crypto/apps/api/src/main.ts": {"path":"/Users/nhatnguyen/code/ABC/basic-crypto/apps/api/src/main.ts","statementMap":{"0":{"start":{"line":1,"column":0},"end":{"line":1,"column":48}},"1":{"start":{"line":2,"column":0},"end":{"line":2,"column":43}},"2":{"start":{"line":3,"column":0},"end":{"line":3,"column":65}},"3":{"start":{"line":4,"column":0},"end":{"line":4,"column":41}},"4":{"start":{"line":7,"column":14},"end":{"line":7,"column":49}},"5":{"start":{"line":10,"column":2},"end":{"line":16,"column":4}},"6":{"start":{"line":19,"column":17},"end":{"line":24,"column":12}},"7":{"start":{"line":25,"column":19},"end":{"line":25,"column":60}},"8":{"start":{"line":26,"column":2},"end":{"line":26,"column":44}},"9":{"start":{"line":28,"column":2},"end":{"line":28,"column":45}},"10":{"start":{"line":29,"column":2},"end":{"line":29,"column":66}},"11":{"start":{"line":31,"column":0},"end":{"line":31,"column":12}}},"fnMap":{"0":{"name":"bootstrap","decl":{"start":{"line":6,"column":15},"end":{"line":6,"column":24}},"loc":{"start":{"line":6,"column":24},"end":{"line":30,"column":1}}}},"branchMap":{"0":{"loc":{"start":{"line":28,"column":19},"end":{"line":28,"column":43}},"type":"binary-expr","locations":[{"start":{"line":28,"column":19},"end":{"line":28,"column":35}},{"start":{"line":28,"column":39},"end":{"line":28,"column":43}}]}},"s":{"0":0,"1":0,"2":0,"3":0,"4":0,"5":0,"6":0,"7":0,"8":0,"9":0,"10":0,"11":0},"f":{"0":0},"b":{"0":[0,0]}}
,"/Users/nhatnguyen/code/ABC/basic-crypto/apps/api/src/auth/auth.controller.ts": {"path":"/Users/nhatnguyen/code/ABC/basic-crypto/apps/api/src/auth/auth.controller.ts","statementMap":{"0":{"start":{"line":1,"column":0},"end":{"line":1,"column":84}},"1":{"start":{"line":2,"column":0},"end":{"line":2,"column":82}},"2":{"start":{"line":3,"column":0},"end":{"line":3,"column":45}},"3":{"start":{"line":4,"column":0},"end":{"line":4,"column":55}},"4":{"start":{"line":10,"column":2},"end":{"line":10,"column":null}},"5":{"start":{"line":15,"column":2},"end":{"line":15,"column":null}},"6":{"start":{"line":20,"column":7},"end":{"line":37,"column":null}},"7":{"start":{"line":21,"column":31},"end":{"line":21,"column":44}},"8":{"start":{"line":26,"column":4},"end":{"line":26,"column":56}},"9":{"start":{"line":34,"column":24},"end":{"line":34,"column":92}},"10":{"start":{"line":35,"column":4},"end":{"line":35,"column":41}},"11":{"start":{"line":20,"column":13},"end":{"line":20,"column":27}},"12":{"start":{"line":25,"column":8},"end":{"line":27,"column":null}},"13":{"start":{"line":33,"column":8},"end":{"line":36,"column":null}},"14":{"start":{"line":20,"column":13},"end":{"line":37,"column":null}}},"fnMap":{"0":{"name":"(anonymous_4)","decl":{"start":{"line":21,"column":2},"end":{"line":21,"column":31}},"loc":{"start":{"line":21,"column":55},"end":{"line":21,"column":59}}},"1":{"name":"(anonymous_5)","decl":{"start":{"line":25,"column":2},"end":{"line":25,"column":7}},"loc":{"start":{"line":25,"column":16},"end":{"line":27,"column":3}}},"2":{"name":"(anonymous_6)","decl":{"start":{"line":33,"column":2},"end":{"line":33,"column":7}},"loc":{"start":{"line":33,"column":38},"end":{"line":36,"column":3}}}},"branchMap":{},"s":{"0":1,"1":1,"2":1,"3":1,"4":1,"5":1,"6":1,"7":3,"8":1,"9":1,"10":1,"11":1,"12":1,"13":1,"14":1},"f":{"0":3,"1":1,"2":1},"b":{}}
,"/Users/nhatnguyen/code/ABC/basic-crypto/apps/api/src/auth/auth.module.ts": {"path":"/Users/nhatnguyen/code/ABC/basic-crypto/apps/api/src/auth/auth.module.ts","statementMap":{"0":{"start":{"line":1,"column":0},"end":{"line":1,"column":40}},"1":{"start":{"line":2,"column":0},"end":{"line":2,"column":40}},"2":{"start":{"line":3,"column":0},"end":{"line":3,"column":50}},"3":{"start":{"line":4,"column":0},"end":{"line":4,"column":45}},"4":{"start":{"line":5,"column":0},"end":{"line":5,"column":51}},"5":{"start":{"line":6,"column":0},"end":{"line":6,"column":52}},"6":{"start":{"line":7,"column":0},"end":{"line":7,"column":45}},"7":{"start":{"line":22,"column":7},"end":{"line":22,"column":null}},"8":{"start":{"line":22,"column":13},"end":{"line":22,"column":23}},"9":{"start":{"line":22,"column":13},"end":{"line":22,"column":null}}},"fnMap":{},"branchMap":{"0":{"loc":{"start":{"line":14,"column":14},"end":{"line":14,"column":68}},"type":"binary-expr","locations":[{"start":{"line":14,"column":14},"end":{"line":14,"column":36}},{"start":{"line":14,"column":40},"end":{"line":14,"column":68}}]}},"s":{"0":0,"1":0,"2":0,"3":0,"4":0,"5":0,"6":0,"7":0,"8":0,"9":0},"f":{},"b":{"0":[0,0]}}
,"/Users/nhatnguyen/code/ABC/basic-crypto/apps/api/src/auth/auth.service.ts": {"path":"/Users/nhatnguyen/code/ABC/basic-crypto/apps/api/src/auth/auth.service.ts","statementMap":{"0":{"start":{"line":1,"column":0},"end":{"line":1,"column":67}},"1":{"start":{"line":2,"column":0},"end":{"line":2,"column":41}},"2":{"start":{"line":3,"column":0},"end":{"line":3,"column":50}},"3":{"start":{"line":4,"column":0},"end":{"line":4,"column":54}},"4":{"start":{"line":7,"column":7},"end":{"line":40,"column":null}},"5":{"start":{"line":11,"column":12},"end":{"line":11,"column":24}},"6":{"start":{"line":12,"column":12},"end":{"line":12,"column":26}},"7":{"start":{"line":8,"column":10},"end":{"line":8,"column":45}},"8":{"start":{"line":16,"column":18},"end":{"line":16,"column":33}},"9":{"start":{"line":18,"column":4},"end":{"line":18,"column":17}},"10":{"start":{"line":22,"column":4},"end":{"line":38,"column":5}},"11":{"start":{"line":23,"column":26},"end":{"line":23,"column":50}},"12":{"start":{"line":24,"column":31},"end":{"line":24,"column":70}},"13":{"start":{"line":26,"column":6},"end":{"line":28,"column":7}},"14":{"start":{"line":27,"column":8},"end":{"line":27,"column":57}},"15":{"start":{"line":31,"column":19},"end":{"line":31,"column":75}},"16":{"start":{"line":34,"column":22},"end":{"line":34,"column":73}},"17":{"start":{"line":35,"column":6},"end":{"line":35,"column":43}},"18":{"start":{"line":37,"column":6},"end":{"line":37,"column":71}},"19":{"start":{"line":7,"column":13},"end":{"line":7,"column":24}},"20":{"start":{"line":7,"column":13},"end":{"line":40,"column":null}}},"fnMap":{"0":{"name":"(anonymous_2)","decl":{"start":{"line":10,"column":2},"end":{"line":10,"column":null}},"loc":{"start":{"line":12,"column":38},"end":{"line":13,"column":6}}},"1":{"name":"(anonymous_3)","decl":{"start":{"line":15,"column":2},"end":{"line":15,"column":7}},"loc":{"start":{"line":15,"column":16},"end":{"line":19,"column":3}}},"2":{"name":"(anonymous_4)","decl":{"start":{"line":21,"column":2},"end":{"line":21,"column":7}},"loc":{"start":{"line":21,"column":58},"end":{"line":39,"column":3}}}},"branchMap":{"0":{"loc":{"start":{"line":26,"column":6},"end":{"line":28,"column":7}},"type":"if","locations":[{"start":{"line":26,"column":6},"end":{"line":28,"column":7}}]}},"s":{"0":2,"1":2,"2":2,"3":2,"4":2,"5":5,"6":5,"7":5,"8":1,"9":1,"10":3,"11":3,"12":3,"13":2,"14":1,"15":1,"16":1,"17":1,"18":2,"19":2,"20":2},"f":{"0":5,"1":1,"2":3},"b":{"0":[1]}}
,"/Users/nhatnguyen/code/ABC/basic-crypto/apps/api/src/auth/jwt-auth.guard.ts": {"path":"/Users/nhatnguyen/code/ABC/basic-crypto/apps/api/src/auth/jwt-auth.guard.ts","statementMap":{"0":{"start":{"line":1,"column":0},"end":{"line":1,"column":44}},"1":{"start":{"line":2,"column":0},"end":{"line":2,"column":45}},"2":{"start":{"line":5,"column":7},"end":{"line":5,"column":null}},"3":{"start":{"line":5,"column":13},"end":{"line":5,"column":25}},"4":{"start":{"line":5,"column":13},"end":{"line":5,"column":null}}},"fnMap":{},"branchMap":{},"s":{"0":1,"1":1,"2":1,"3":1,"4":1},"f":{},"b":{}}
,"/Users/nhatnguyen/code/ABC/basic-crypto/apps/api/src/auth/jwt.strategy.ts": {"path":"/Users/nhatnguyen/code/ABC/basic-crypto/apps/api/src/auth/jwt.strategy.ts","statementMap":{"0":{"start":{"line":1,"column":0},"end":{"line":1,"column":44}},"1":{"start":{"line":2,"column":0},"end":{"line":2,"column":52}},"2":{"start":{"line":3,"column":0},"end":{"line":3,"column":52}},"3":{"start":{"line":6,"column":7},"end":{"line":18,"column":null}},"4":{"start":{"line":8,"column":4},"end":{"line":12,"column":7}},"5":{"start":{"line":16,"column":4},"end":{"line":16,"column":73}},"6":{"start":{"line":6,"column":13},"end":{"line":6,"column":24}},"7":{"start":{"line":6,"column":13},"end":{"line":18,"column":null}}},"fnMap":{"0":{"name":"(anonymous_2)","decl":{"start":{"line":7,"column":2},"end":{"line":7,"column":null}},"loc":{"start":{"line":7,"column":2},"end":{"line":13,"column":3}}},"1":{"name":"(anonymous_3)","decl":{"start":{"line":15,"column":2},"end":{"line":15,"column":7}},"loc":{"start":{"line":15,"column":29},"end":{"line":17,"column":3}}}},"branchMap":{"0":{"loc":{"start":{"line":11,"column":19},"end":{"line":11,"column":73}},"type":"binary-expr","locations":[{"start":{"line":11,"column":19},"end":{"line":11,"column":41}},{"start":{"line":11,"column":45},"end":{"line":11,"column":73}}]}},"s":{"0":0,"1":0,"2":0,"3":0,"4":0,"5":0,"6":0,"7":0},"f":{"0":0,"1":0},"b":{"0":[0,0]}}
,"/Users/nhatnguyen/code/ABC/basic-crypto/apps/api/src/auth/decorators/current-user.decorator.ts": {"path":"/Users/nhatnguyen/code/ABC/basic-crypto/apps/api/src/auth/decorators/current-user.decorator.ts","statementMap":{"0":{"start":{"line":1,"column":0},"end":{"line":1,"column":72}},"1":{"start":{"line":8,"column":13},"end":{"line":13,"column":2}},"2":{"start":{"line":10,"column":20},"end":{"line":10,"column":51}},"3":{"start":{"line":11,"column":4},"end":{"line":11,"column":24}}},"fnMap":{"0":{"name":"(anonymous_0)","decl":{"start":{"line":9,"column":2},"end":{"line":9,"column":3}},"loc":{"start":{"line":9,"column":56},"end":{"line":12,"column":3}}}},"branchMap":{},"s":{"0":1,"1":1,"2":0,"3":0},"f":{"0":0},"b":{}}
,"/Users/nhatnguyen/code/ABC/basic-crypto/apps/api/src/common/interceptors/wallet-normalization.interceptor.ts": {"path":"/Users/nhatnguyen/code/ABC/basic-crypto/apps/api/src/common/interceptors/wallet-normalization.interceptor.ts","statementMap":{"0":{"start":{"line":1,"column":0},"end":{"line":1,"column":null}},"1":{"start":{"line":10,"column":7},"end":{"line":31,"column":null}},"2":{"start":{"line":12,"column":20},"end":{"line":12,"column":55}},"3":{"start":{"line":15,"column":4},"end":{"line":17,"column":5}},"4":{"start":{"line":16,"column":6},"end":{"line":16,"column":76}},"5":{"start":{"line":20,"column":4},"end":{"line":22,"column":5}},"6":{"start":{"line":21,"column":6},"end":{"line":21,"column":80}},"7":{"start":{"line":25,"column":4},"end":{"line":27,"column":5}},"8":{"start":{"line":26,"column":6},"end":{"line":26,"column":80}},"9":{"start":{"line":29,"column":4},"end":{"line":29,"column":25}},"10":{"start":{"line":10,"column":13},"end":{"line":10,"column":43}},"11":{"start":{"line":10,"column":13},"end":{"line":31,"column":null}}},"fnMap":{"0":{"name":"(anonymous_1)","decl":{"start":{"line":11,"column":2},"end":{"line":11,"column":11}},"loc":{"start":{"line":11,"column":56},"end":{"line":30,"column":3}}}},"branchMap":{"0":{"loc":{"start":{"line":15,"column":4},"end":{"line":17,"column":5}},"type":"if","locations":[{"start":{"line":15,"column":4},"end":{"line":17,"column":5}}]},"1":{"loc":{"start":{"line":15,"column":8},"end":{"line":15,"column":50}},"type":"binary-expr","locations":[{"start":{"line":15,"column":8},"end":{"line":15,"column":20}},{"start":{"line":15,"column":24},"end":{"line":15,"column":50}}]},"2":{"loc":{"start":{"line":20,"column":4},"end":{"line":22,"column":5}},"type":"if","locations":[{"start":{"line":20,"column":4},"end":{"line":22,"column":5}}]},"3":{"loc":{"start":{"line":20,"column":8},"end":{"line":20,"column":52}},"type":"binary-expr","locations":[{"start":{"line":20,"column":8},"end":{"line":20,"column":20}},{"start":{"line":20,"column":24},"end":{"line":20,"column":52}}]},"4":{"loc":{"start":{"line":25,"column":4},"end":{"line":27,"column":5}},"type":"if","locations":[{"start":{"line":25,"column":4},"end":{"line":27,"column":5}}]},"5":{"loc":{"start":{"line":25,"column":8},"end":{"line":25,"column":54}},"type":"binary-expr","locations":[{"start":{"line":25,"column":8},"end":{"line":25,"column":22}},{"start":{"line":25,"column":26},"end":{"line":25,"column":54}}]}},"s":{"0":3,"1":3,"2":2,"3":2,"4":1,"5":2,"6":1,"7":2,"8":1,"9":2,"10":3,"11":3},"f":{"0":2},"b":{"0":[1],"1":[2,1],"2":[1],"3":[2,1],"4":[1],"5":[2,1]}}
,"/Users/nhatnguyen/code/ABC/basic-crypto/apps/api/src/kudos/kudos.controller.ts": {"path":"/Users/nhatnguyen/code/ABC/basic-crypto/apps/api/src/kudos/kudos.controller.ts","statementMap":{"0":{"start":{"line":1,"column":0},"end":{"line":1,"column":96}},"1":{"start":{"line":2,"column":0},"end":{"line":2,"column":97}},"2":{"start":{"line":3,"column":0},"end":{"line":3,"column":47}},"3":{"start":{"line":4,"column":0},"end":{"line":4,"column":105}},"4":{"start":{"line":5,"column":0},"end":{"line":5,"column":74}},"5":{"start":{"line":6,"column":0},"end":{"line":6,"column":54}},"6":{"start":{"line":7,"column":0},"end":{"line":7,"column":85}},"7":{"start":{"line":12,"column":2},"end":{"line":12,"column":null}},"8":{"start":{"line":17,"column":2},"end":{"line":17,"column":null}},"9":{"start":{"line":24,"column":7},"end":{"line":43,"column":null}},"10":{"start":{"line":25,"column":31},"end":{"line":25,"column":45}},"11":{"start":{"line":34,"column":4},"end":{"line":34,"column":95}},"12":{"start":{"line":41,"column":4},"end":{"line":41,"column":61}},"13":{"start":{"line":24,"column":13},"end":{"line":24,"column":28}},"14":{"start":{"line":33,"column":8},"end":{"line":35,"column":null}},"15":{"start":{"line":40,"column":8},"end":{"line":42,"column":null}},"16":{"start":{"line":24,"column":13},"end":{"line":43,"column":null}}},"fnMap":{"0":{"name":"(anonymous_4)","decl":{"start":{"line":25,"column":2},"end":{"line":25,"column":31}},"loc":{"start":{"line":25,"column":57},"end":{"line":25,"column":61}}},"1":{"name":"(anonymous_5)","decl":{"start":{"line":33,"column":2},"end":{"line":33,"column":7}},"loc":{"start":{"line":33,"column":78},"end":{"line":35,"column":3}}},"2":{"name":"(anonymous_6)","decl":{"start":{"line":40,"column":2},"end":{"line":40,"column":7}},"loc":{"start":{"line":40,"column":65},"end":{"line":42,"column":3}}}},"branchMap":{},"s":{"0":1,"1":1,"2":1,"3":1,"4":1,"5":1,"6":1,"7":1,"8":1,"9":1,"10":3,"11":1,"12":1,"13":1,"14":1,"15":1,"16":1},"f":{"0":3,"1":1,"2":1},"b":{}}
,"/Users/nhatnguyen/code/ABC/basic-crypto/apps/api/src/kudos/kudos.module.ts": {"path":"/Users/nhatnguyen/code/ABC/basic-crypto/apps/api/src/kudos/kudos.module.ts","statementMap":{"0":{"start":{"line":1,"column":0},"end":{"line":1,"column":40}},"1":{"start":{"line":2,"column":0},"end":{"line":2,"column":47}},"2":{"start":{"line":3,"column":0},"end":{"line":3,"column":53}},"3":{"start":{"line":4,"column":0},"end":{"line":4,"column":53}},"4":{"start":{"line":5,"column":0},"end":{"line":5,"column":52}},"5":{"start":{"line":12,"column":7},"end":{"line":12,"column":null}},"6":{"start":{"line":12,"column":13},"end":{"line":12,"column":24}},"7":{"start":{"line":12,"column":13},"end":{"line":12,"column":null}}},"fnMap":{},"branchMap":{},"s":{"0":0,"1":0,"2":0,"3":0,"4":0,"5":0,"6":0,"7":0},"f":{},"b":{}}
,"/Users/nhatnguyen/code/ABC/basic-crypto/apps/api/src/kudos/kudos.repository.ts": {"path":"/Users/nhatnguyen/code/ABC/basic-crypto/apps/api/src/kudos/kudos.repository.ts","statementMap":{"0":{"start":{"line":1,"column":0},"end":{"line":1,"column":44}},"1":{"start":{"line":2,"column":0},"end":{"line":2,"column":57}},"2":{"start":{"line":6,"column":7},"end":{"line":28,"column":null}},"3":{"start":{"line":7,"column":22},"end":{"line":7,"column":30}},"4":{"start":{"line":10,"column":4},"end":{"line":10,"column":46}},"5":{"start":{"line":14,"column":4},"end":{"line":18,"column":7}},"6":{"start":{"line":22,"column":4},"end":{"line":26,"column":7}},"7":{"start":{"line":6,"column":13},"end":{"line":6,"column":28}},"8":{"start":{"line":6,"column":13},"end":{"line":28,"column":null}}},"fnMap":{"0":{"name":"(anonymous_2)","decl":{"start":{"line":7,"column":2},"end":{"line":7,"column":22}},"loc":{"start":{"line":7,"column":43},"end":{"line":7,"column":47}}},"1":{"name":"(anonymous_3)","decl":{"start":{"line":9,"column":2},"end":{"line":9,"column":7}},"loc":{"start":{"line":9,"column":44},"end":{"line":11,"column":3}}},"2":{"name":"(anonymous_4)","decl":{"start":{"line":13,"column":2},"end":{"line":13,"column":7}},"loc":{"start":{"line":13,"column":41},"end":{"line":19,"column":3}}},"3":{"name":"(anonymous_5)","decl":{"start":{"line":21,"column":2},"end":{"line":21,"column":7}},"loc":{"start":{"line":21,"column":37},"end":{"line":27,"column":3}}}},"branchMap":{},"s":{"0":3,"1":3,"2":3,"3":4,"4":1,"5":1,"6":1,"7":3,"8":3},"f":{"0":4,"1":1,"2":1,"3":1},"b":{}}
,"/Users/nhatnguyen/code/ABC/basic-crypto/apps/api/src/kudos/kudos.service.ts": {"path":"/Users/nhatnguyen/code/ABC/basic-crypto/apps/api/src/kudos/kudos.service.ts","statementMap":{"0":{"start":{"line":1,"column":0},"end":{"line":1,"column":65}},"1":{"start":{"line":2,"column":0},"end":{"line":2,"column":53}},"2":{"start":{"line":3,"column":0},"end":{"line":3,"column":54}},"3":{"start":{"line":6,"column":7},"end":{"line":31,"column":null}},"4":{"start":{"line":8,"column":12},"end":{"line":8,"column":29}},"5":{"start":{"line":9,"column":12},"end":{"line":9,"column":26}},"6":{"start":{"line":13,"column":4},"end":{"line":15,"column":5}},"7":{"start":{"line":14,"column":6},"end":{"line":14,"column":73}},"8":{"start":{"line":17,"column":19},"end":{"line":17,"column":73}},"9":{"start":{"line":18,"column":21},"end":{"line":18,"column":77}},"10":{"start":{"line":20,"column":4},"end":{"line":24,"column":7}},"11":{"start":{"line":28,"column":17},"end":{"line":28,"column":66}},"12":{"start":{"line":29,"column":4},"end":{"line":29,"column":56}},"13":{"start":{"line":6,"column":13},"end":{"line":6,"column":25}},"14":{"start":{"line":6,"column":13},"end":{"line":31,"column":null}}},"fnMap":{"0":{"name":"(anonymous_2)","decl":{"start":{"line":7,"column":2},"end":{"line":7,"column":null}},"loc":{"start":{"line":9,"column":38},"end":{"line":10,"column":6}}},"1":{"name":"(anonymous_3)","decl":{"start":{"line":12,"column":2},"end":{"line":12,"column":7}},"loc":{"start":{"line":12,"column":79},"end":{"line":25,"column":3}}},"2":{"name":"(anonymous_4)","decl":{"start":{"line":27,"column":2},"end":{"line":27,"column":7}},"loc":{"start":{"line":27,"column":46},"end":{"line":30,"column":3}}}},"branchMap":{"0":{"loc":{"start":{"line":13,"column":4},"end":{"line":15,"column":5}},"type":"if","locations":[{"start":{"line":13,"column":4},"end":{"line":15,"column":5}}]}},"s":{"0":2,"1":2,"2":2,"3":2,"4":4,"5":4,"6":2,"7":1,"8":1,"9":1,"10":1,"11":1,"12":1,"13":2,"14":2},"f":{"0":4,"1":2,"2":1},"b":{"0":[1]}}
,"/Users/nhatnguyen/code/ABC/basic-crypto/apps/api/src/prisma/prisma.module.ts": {"path":"/Users/nhatnguyen/code/ABC/basic-crypto/apps/api/src/prisma/prisma.module.ts","statementMap":{"0":{"start":{"line":1,"column":0},"end":{"line":1,"column":48}},"1":{"start":{"line":2,"column":0},"end":{"line":2,"column":49}},"2":{"start":{"line":9,"column":7},"end":{"line":9,"column":null}},"3":{"start":{"line":9,"column":13},"end":{"line":9,"column":25}},"4":{"start":{"line":9,"column":13},"end":{"line":9,"column":null}}},"fnMap":{},"branchMap":{},"s":{"0":0,"1":0,"2":0,"3":0,"4":0},"f":{},"b":{}}
,"/Users/nhatnguyen/code/ABC/basic-crypto/apps/api/src/prisma/prisma.service.ts": {"path":"/Users/nhatnguyen/code/ABC/basic-crypto/apps/api/src/prisma/prisma.service.ts","statementMap":{"0":{"start":{"line":1,"column":0},"end":{"line":1,"column":75}},"1":{"start":{"line":2,"column":0},"end":{"line":2,"column":46}},"2":{"start":{"line":5,"column":7},"end":{"line":13,"column":null}},"3":{"start":{"line":7,"column":4},"end":{"line":7,"column":26}},"4":{"start":{"line":11,"column":4},"end":{"line":11,"column":29}},"5":{"start":{"line":5,"column":13},"end":{"line":5,"column":26}},"6":{"start":{"line":5,"column":13},"end":{"line":13,"column":null}}},"fnMap":{"0":{"name":"(anonymous_1)","decl":{"start":{"line":6,"column":2},"end":{"line":6,"column":7}},"loc":{"start":{"line":6,"column":20},"end":{"line":8,"column":3}}},"1":{"name":"(anonymous_2)","decl":{"start":{"line":10,"column":2},"end":{"line":10,"column":7}},"loc":{"start":{"line":10,"column":23},"end":{"line":12,"column":3}}}},"branchMap":{},"s":{"0":8,"1":8,"2":8,"3":0,"4":0,"5":8,"6":8},"f":{"0":0,"1":0},"b":{}}
,"/Users/nhatnguyen/code/ABC/basic-crypto/apps/api/src/users/users.controller.ts": {"path":"/Users/nhatnguyen/code/ABC/basic-crypto/apps/api/src/users/users.controller.ts","statementMap":{"0":{"start":{"line":1,"column":0},"end":{"line":1,"column":73}},"1":{"start":{"line":2,"column":0},"end":{"line":2,"column":69}},"2":{"start":{"line":3,"column":0},"end":{"line":3,"column":47}},"3":{"start":{"line":4,"column":0},"end":{"line":4,"column":105}},"4":{"start":{"line":9,"column":7},"end":{"line":19,"column":null}},"5":{"start":{"line":10,"column":31},"end":{"line":10,"column":45}},"6":{"start":{"line":17,"column":4},"end":{"line":17,"column":55}},"7":{"start":{"line":9,"column":13},"end":{"line":9,"column":28}},"8":{"start":{"line":16,"column":8},"end":{"line":18,"column":null}},"9":{"start":{"line":9,"column":13},"end":{"line":19,"column":null}}},"fnMap":{"0":{"name":"(anonymous_4)","decl":{"start":{"line":10,"column":2},"end":{"line":10,"column":31}},"loc":{"start":{"line":10,"column":57},"end":{"line":10,"column":61}}},"1":{"name":"(anonymous_5)","decl":{"start":{"line":16,"column":2},"end":{"line":16,"column":7}},"loc":{"start":{"line":16,"column":64},"end":{"line":18,"column":3}}}},"branchMap":{},"s":{"0":1,"1":1,"2":1,"3":1,"4":1,"5":2,"6":1,"7":1,"8":1,"9":1},"f":{"0":2,"1":1},"b":{}}
,"/Users/nhatnguyen/code/ABC/basic-crypto/apps/api/src/users/users.module.ts": {"path":"/Users/nhatnguyen/code/ABC/basic-crypto/apps/api/src/users/users.module.ts","statementMap":{"0":{"start":{"line":1,"column":0},"end":{"line":1,"column":40}},"1":{"start":{"line":2,"column":0},"end":{"line":2,"column":47}},"2":{"start":{"line":3,"column":0},"end":{"line":3,"column":53}},"3":{"start":{"line":4,"column":0},"end":{"line":4,"column":52}},"4":{"start":{"line":11,"column":7},"end":{"line":11,"column":null}},"5":{"start":{"line":11,"column":13},"end":{"line":11,"column":24}},"6":{"start":{"line":11,"column":13},"end":{"line":11,"column":null}}},"fnMap":{},"branchMap":{},"s":{"0":0,"1":0,"2":0,"3":0,"4":0,"5":0,"6":0},"f":{},"b":{}}
,"/Users/nhatnguyen/code/ABC/basic-crypto/apps/api/src/users/users.repository.ts": {"path":"/Users/nhatnguyen/code/ABC/basic-crypto/apps/api/src/users/users.repository.ts","statementMap":{"0":{"start":{"line":1,"column":0},"end":{"line":1,"column":44}},"1":{"start":{"line":2,"column":0},"end":{"line":2,"column":57}},"2":{"start":{"line":6,"column":7},"end":{"line":24,"column":null}},"3":{"start":{"line":7,"column":22},"end":{"line":7,"column":30}},"4":{"start":{"line":10,"column":4},"end":{"line":10,"column":58}},"5":{"start":{"line":14,"column":4},"end":{"line":14,"column":69}},"6":{"start":{"line":18,"column":4},"end":{"line":18,"column":45}},"7":{"start":{"line":22,"column":4},"end":{"line":22,"column":60}},"8":{"start":{"line":6,"column":13},"end":{"line":6,"column":27}},"9":{"start":{"line":6,"column":13},"end":{"line":24,"column":null}}},"fnMap":{"0":{"name":"(anonymous_2)","decl":{"start":{"line":7,"column":2},"end":{"line":7,"column":22}},"loc":{"start":{"line":7,"column":43},"end":{"line":7,"column":47}}},"1":{"name":"(anonymous_3)","decl":{"start":{"line":9,"column":2},"end":{"line":9,"column":7}},"loc":{"start":{"line":9,"column":27},"end":{"line":11,"column":3}}},"2":{"name":"(anonymous_4)","decl":{"start":{"line":13,"column":2},"end":{"line":13,"column":7}},"loc":{"start":{"line":13,"column":49},"end":{"line":15,"column":3}}},"3":{"name":"(anonymous_5)","decl":{"start":{"line":17,"column":2},"end":{"line":17,"column":7}},"loc":{"start":{"line":17,"column":43},"end":{"line":19,"column":3}}},"4":{"name":"(anonymous_6)","decl":{"start":{"line":21,"column":2},"end":{"line":21,"column":7}},"loc":{"start":{"line":21,"column":55},"end":{"line":23,"column":3}}}},"branchMap":{},"s":{"0":7,"1":7,"2":7,"3":5,"4":1,"5":1,"6":1,"7":1,"8":7,"9":7},"f":{"0":5,"1":1,"2":1,"3":1,"4":1},"b":{}}
,"/Users/nhatnguyen/code/ABC/basic-crypto/apps/api/src/users/users.service.ts": {"path":"/Users/nhatnguyen/code/ABC/basic-crypto/apps/api/src/users/users.service.ts","statementMap":{"0":{"start":{"line":1,"column":0},"end":{"line":1,"column":63}},"1":{"start":{"line":2,"column":0},"end":{"line":2,"column":52}},"2":{"start":{"line":5,"column":7},"end":{"line":27,"column":null}},"3":{"start":{"line":6,"column":22},"end":{"line":6,"column":38}},"4":{"start":{"line":9,"column":30},"end":{"line":9,"column":57}},"5":{"start":{"line":10,"column":17},"end":{"line":10,"column":81}},"6":{"start":{"line":11,"column":4},"end":{"line":13,"column":5}},"7":{"start":{"line":12,"column":6},"end":{"line":12,"column":52}},"8":{"start":{"line":14,"column":4},"end":{"line":14,"column":16}},"9":{"start":{"line":18,"column":30},"end":{"line":18,"column":57}},"10":{"start":{"line":19,"column":15},"end":{"line":19,"column":79}},"11":{"start":{"line":20,"column":4},"end":{"line":24,"column":5}},"12":{"start":{"line":21,"column":6},"end":{"line":23,"column":9}},"13":{"start":{"line":25,"column":4},"end":{"line":25,"column":16}},"14":{"start":{"line":5,"column":13},"end":{"line":5,"column":25}},"15":{"start":{"line":5,"column":13},"end":{"line":27,"column":null}}},"fnMap":{"0":{"name":"(anonymous_2)","decl":{"start":{"line":6,"column":2},"end":{"line":6,"column":22}},"loc":{"start":{"line":6,"column":52},"end":{"line":6,"column":56}}},"1":{"name":"(anonymous_3)","decl":{"start":{"line":8,"column":2},"end":{"line":8,"column":7}},"loc":{"start":{"line":8,"column":40},"end":{"line":15,"column":3}}},"2":{"name":"(anonymous_4)","decl":{"start":{"line":17,"column":2},"end":{"line":17,"column":7}},"loc":{"start":{"line":17,"column":46},"end":{"line":26,"column":3}}}},"branchMap":{"0":{"loc":{"start":{"line":11,"column":4},"end":{"line":13,"column":5}},"type":"if","locations":[{"start":{"line":11,"column":4},"end":{"line":13,"column":5}}]},"1":{"loc":{"start":{"line":20,"column":4},"end":{"line":24,"column":5}},"type":"if","locations":[{"start":{"line":20,"column":4},"end":{"line":24,"column":5}}]}},"s":{"0":6,"1":6,"2":6,"3":5,"4":2,"5":2,"6":2,"7":1,"8":1,"9":2,"10":2,"11":2,"12":1,"13":2,"14":6,"15":6},"f":{"0":5,"1":2,"2":2},"b":{"0":[1],"1":[1]}}
}
